
  .   ____          _            __ _ _
 /\\ / ___'_ __ _ _(_)_ __  __ _ \ \ \ \
( ( )\___ | '_ | '_| | '_ \/ _` | \ \ \ \
 \\/  ___)| |_)| | | | | || (_| |  ) ) ) )
  '  |____| .__|_| |_|_| |_\__, | / / / /
 =========|_|==============|___/=/_/_/_/

 :: Spring Boot ::                (v3.3.5)

2026-04-08T09:26:13.189+05:30  INFO 48804 --- [student-lms] [           main] com.ooad.lms.StudentLmsApplication       : Starting StudentLmsApplication v1.0.0 using Java 22.0.1 with PID 48804 (C:\Users\DHANUSH\OneDrive\Desktop\Student-Learning-Management-System-main\target\student-lms-1.0.0.jar started by DHANUSH in C:\Users\DHANUSH\OneDrive\Desktop\Student-Learning-Management-System-main)
2026-04-08T09:26:13.195+05:30  INFO 48804 --- [student-lms] [           main] com.ooad.lms.StudentLmsApplication       : No active profile set, falling back to 1 default profile: "default"
2026-04-08T09:26:15.186+05:30  INFO 48804 --- [student-lms] [           main] o.s.b.w.embedded.tomcat.TomcatWebServer  : Tomcat initialized with port 8080 (http)
2026-04-08T09:26:15.225+05:30  INFO 48804 --- [student-lms] [           main] o.apache.catalina.core.StandardService   : Starting service [Tomcat]
2026-04-08T09:26:15.226+05:30  INFO 48804 --- [student-lms] [           main] o.apache.catalina.core.StandardEngine    : Starting Servlet engine: [Apache Tomcat/10.1.31]
2026-04-08T09:26:15.319+05:30  INFO 48804 --- [student-lms] [           main] o.a.c.c.C.[Tomcat].[localhost].[/]       : Initializing Spring embedded WebApplicationContext
2026-04-08T09:26:15.323+05:30  INFO 48804 --- [student-lms] [           main] w.s.c.ServletWebServerApplicationContext : Root WebApplicationContext: initialization completed in 2057 ms
2026-04-08T09:26:15.623+05:30  INFO 48804 --- [student-lms] [           main] o.s.b.a.w.s.WelcomePageHandlerMapping    : Adding welcome page template: index
2026-04-08T09:26:16.249+05:30  INFO 48804 --- [student-lms] [           main] o.s.b.w.embedded.tomcat.TomcatWebServer  : Tomcat started on port 8080 (http) with context path '/'
2026-04-08T09:26:16.286+05:30  INFO 48804 --- [student-lms] [           main] com.ooad.lms.StudentLmsApplication       : Started StudentLmsApplication in 4.114 seconds (process running for 4.952)
2026-04-08T09:26:27.389+05:30  INFO 48804 --- [student-lms] [nio-8080-exec-1] o.a.c.c.C.[Tomcat].[localhost].[/]       : Initializing Spring DispatcherServlet 'dispatcherServlet'
2026-04-08T09:26:27.390+05:30  INFO 48804 --- [student-lms] [nio-8080-exec-1] o.s.web.servlet.DispatcherServlet        : Initializing Servlet 'dispatcherServlet'
2026-04-08T09:26:27.391+05:30  INFO 48804 --- [student-lms] [nio-8080-exec-1] o.s.web.servlet.DispatcherServlet        : Completed initialization in 1 ms
