
  .   ____          _            __ _ _
 /\\ / ___'_ __ _ _(_)_ __  __ _ \ \ \ \
( ( )\___ | '_ | '_| | '_ \/ _` | \ \ \ \
 \\/  ___)| |_)| | | | | || (_| |  ) ) ) )
  '  |____| .__|_| |_|_| |_\__, | / / / /
 =========|_|==============|___/=/_/_/_/

 :: Spring Boot ::                (v3.3.5)

2026-04-07T23:05:58.520+05:30  INFO 18336 --- [student-lms] [           main] com.ooad.lms.StudentLmsApplication       : Starting StudentLmsApplication v1.0.0 using Java 22.0.1 with PID 18336 (C:\Users\DHANUSH\OneDrive\Desktop\Student-Learning-Management-System-main\target\student-lms-1.0.0.jar started by DHANUSH in C:\Users\DHANUSH\OneDrive\Desktop\Student-Learning-Management-System-main)
2026-04-07T23:05:58.550+05:30  INFO 18336 --- [student-lms] [           main] com.ooad.lms.StudentLmsApplication       : No active profile set, falling back to 1 default profile: "default"
2026-04-07T23:06:01.021+05:30  INFO 18336 --- [student-lms] [           main] o.s.b.w.embedded.tomcat.TomcatWebServer  : Tomcat initialized with port 8080 (http)
2026-04-07T23:06:01.063+05:30  INFO 18336 --- [student-lms] [           main] o.apache.catalina.core.StandardService   : Starting service [Tomcat]
2026-04-07T23:06:01.068+05:30  INFO 18336 --- [student-lms] [           main] o.apache.catalina.core.StandardEngine    : Starting Servlet engine: [Apache Tomcat/10.1.31]
2026-04-07T23:06:01.128+05:30  INFO 18336 --- [student-lms] [           main] o.a.c.c.C.[Tomcat].[localhost].[/]       : Initializing Spring embedded WebApplicationContext
2026-04-07T23:06:01.134+05:30  INFO 18336 --- [student-lms] [           main] w.s.c.ServletWebServerApplicationContext : Root WebApplicationContext: initialization completed in 2484 ms
2026-04-07T23:06:01.448+05:30  INFO 18336 --- [student-lms] [           main] o.s.b.a.w.s.WelcomePageHandlerMapping    : Adding welcome page template: index
2026-04-07T23:06:02.158+05:30  INFO 18336 --- [student-lms] [           main] o.s.b.w.embedded.tomcat.TomcatWebServer  : Tomcat started on port 8080 (http) with context path '/'
2026-04-07T23:06:02.222+05:30  INFO 18336 --- [student-lms] [           main] com.ooad.lms.StudentLmsApplication       : Started StudentLmsApplication in 4.889 seconds (process running for 5.972)
2026-04-07T23:06:02.318+05:30  INFO 18336 --- [student-lms] [nio-8080-exec-1] o.a.c.c.C.[Tomcat].[localhost].[/]       : Initializing Spring DispatcherServlet 'dispatcherServlet'
2026-04-07T23:06:02.321+05:30  INFO 18336 --- [student-lms] [nio-8080-exec-1] o.s.web.servlet.DispatcherServlet        : Initializing Servlet 'dispatcherServlet'
2026-04-07T23:06:02.325+05:30  INFO 18336 --- [student-lms] [nio-8080-exec-1] o.s.web.servlet.DispatcherServlet        : Completed initialization in 4 ms
